<?xml version="1.0" encoding="UTF-8"?>
<!-- This is an unmanaged datasource. It should be used for proofs of concept 
	or testing only. It uses H2, an in memory database that ships with JBoss 
	AS. -->
<datasources xmlns="http://www.jboss.org/ironjacamar/schema"
	xmlns:xsi="http://www.w3.org/2001/XMLSchema-instance"
	xsi:schemaLocation="http://www.jboss.org/ironjacamar/schema http://docs.jboss.org/ironjacamar/schema/datasources_1_0.xsd">
	<!-- The datasource is bound into JNDI at this location. We reference this 
		in META-INF/test-persistence.xml -->
	<xa-datasource jndi-name="java:jboss/datasources/LOGGING" pool-name="LOGGING"
		enabled="true" use-ccm="false">
		<xa-datasource-property name="URL">
			jdbc:h2:mem:C:///LOGGING
		</xa-datasource-property>
		<driver>h2</driver>
		<xa-pool>
			<is-same-rm-override>false</is-same-rm-override>
			<interleaving>false</interleaving>
			<pad-xid>false</pad-xid>
			<wrap-xa-resource>false</wrap-xa-resource>
		</xa-pool>
		<security>
			<user-name>sa</user-name>
		</security>
		<validation>
			<validate-on-match>false</validate-on-match>
			<background-validation>false</background-validation>
		</validation>
		<statement>
			<share-prepared-statements>false</share-prepared-statements>
		</statement>
	</xa-datasource>
	<xa-datasource jndi-name="java:jboss/datasources/FACHLICHKEIT" pool-name="FACHLICHKEIT"
		enabled="true" use-ccm="false">
		<xa-datasource-property name="URL">
			jdbc:h2:mem:C:///FACHLICHKEIT
		</xa-datasource-property>
		<driver>h2</driver>
		<xa-pool>
			<is-same-rm-override>false</is-same-rm-override>
			<interleaving>false</interleaving>
			<pad-xid>false</pad-xid>
			<wrap-xa-resource>false</wrap-xa-resource>
		</xa-pool>
		<security>
			<user-name>sa</user-name>
		</security>
		<validation>
			<validate-on-match>false</validate-on-match>
			<background-validation>false</background-validation>
		</validation>
		<statement>
			<share-prepared-statements>false</share-prepared-statements>
		</statement>
	</xa-datasource>

</datasources>
 